\BOOKMARK [1][-]{section.1}{Introduction}{}% 1
\BOOKMARK [1][-]{section.2}{BACKGROUND AND PRELIMINARIES}{}% 2
\BOOKMARK [2][-]{subsection.2.1}{Generalized Linear Models \(GLMs\)}{section.2}% 3
\BOOKMARK [2][-]{subsection.2.2}{Coordinate Descent\(CD\)}{section.2}% 4
\BOOKMARK [2][-]{subsection.2.3}{MonetDB}{section.2}% 5
\BOOKMARK [3][-]{subsubsection.2.3.1}{Data Structure}{subsection.2.3}% 6
\BOOKMARK [3][-]{subsubsection.2.3.2}{Storing Relations in MonetDB}{subsection.2.3}% 7
\BOOKMARK [3][-]{subsubsection.2.3.3}{Examples of relational mapping}{subsection.2.3}% 8
\BOOKMARK [2][-]{subsection.2.4}{Type Changes and Special Characters}{section.2}% 9
\BOOKMARK [2][-]{subsection.2.5}{Math Equations}{section.2}% 10
\BOOKMARK [3][-]{subsubsection.2.5.1}{Inline \(In-text\) Equations}{subsection.2.5}% 11
\BOOKMARK [3][-]{subsubsection.2.5.2}{Display Equations}{subsection.2.5}% 12
\BOOKMARK [2][-]{subsection.2.6}{Citations}{section.2}% 13
\BOOKMARK [2][-]{subsection.2.7}{Tables}{section.2}% 14
\BOOKMARK [2][-]{subsection.2.8}{Figures}{section.2}% 15
\BOOKMARK [2][-]{subsection.2.9}{Theorem-like Constructs}{section.2}% 16
\BOOKMARK [1][-]{section.3}{Conclusions}{}% 17
\BOOKMARK [1][-]{section.4}{Acknowledgments}{}% 18
\BOOKMARK [2][-]{subsection.4.1}{References}{section.4}% 19
\BOOKMARK [1][-]{appendix.A}{Final Thoughts on Good Layout}{}% 20
